True
training and val size: (1600, 80000) (400, 80000) (1600,)
[Epoch 0]
Train loss: 3.1855862140655518
0.27631578947368424
Test loss: 3.6822266578674316
TEST average_precision: 0.1663903172477641
TEST average recall: 0.175
TEST average f1: 0.12240154298440974
[Epoch 1]
Train loss: 2.017782211303711
0.4140350877192982
Test loss: 1.9379703998565674
TEST average_precision: 0.43396170669700085
TEST average recall: 0.41
TEST average f1: 0.3807081025538826
[Epoch 2]
Train loss: 1.2151885032653809
0.6554054054054054
Test loss: 1.0162041187286377
TEST average_precision: 0.6178679653679653
TEST average recall: 0.5525
TEST average f1: 0.5353973829000751
[Epoch 3]
Train loss: 1.0639759302139282
0.6645299145299145
Test loss: 1.185126781463623
TEST average_precision: 0.61553996003996
TEST average recall: 0.5725
TEST average f1: 0.5658198762022292
[Epoch 4]
Train loss: 0.6126596927642822
0.8284313725490196
Test loss: 0.878133237361908
TEST average_precision: 0.6310778486219663
TEST average recall: 0.6025
TEST average f1: 0.5890117438804746
[Epoch 5]
Train loss: 0.32408860325813293
0.9459459459459459
Test loss: 1.218082308769226
TEST average_precision: 0.6244599653220344
TEST average recall: 0.605
TEST average f1: 0.590650826037823
[Epoch 6]
Train loss: 0.26731327176094055
0.9074074074074076
Test loss: 1.4679052829742432
TEST average_precision: 0.6551561425502602
TEST average recall: 0.6175
TEST average f1: 0.6042069033671942
[Epoch 7]
Train loss: 0.38720786571502686
0.84
Test loss: 1.172790765762329
TEST average_precision: 0.7071953046953046
TEST average recall: 0.67
TEST average f1: 0.6634977470070349
[Epoch 8]
Train loss: 0.30170872807502747
0.8842592592592592
[Epoch 9]
Train loss: 0.13281430304050446
0.9529914529914529
[Epoch 10]
Train loss: 0.18873965740203857
0.9068627450980392
[Epoch 11]
Train loss: 0.06707017123699188
0.9912280701754386
[Epoch 12]
Train loss: 0.2627546191215515
0.9018518518518519
[Epoch 13]
Train loss: 0.16883838176727295
0.9473684210526315
[Epoch 14]
Train loss: 0.12774859368801117
0.9658119658119659
[Epoch 15]
Train loss: 0.18503525853157043
0.9523809523809522
[Epoch 16]
Train loss: 0.04754144325852394
0.9914529914529914
[Epoch 17]
Train loss: 0.021641522645950317
1.0
Finished Training
training and val size: (1600, 80000) (400, 80000) (1600,)
[Epoch 0]
Train loss: 3.0318338871002197
0.2638888888888889
Test loss: 3.641557455062866
TEST average_precision: 0.2595881092373629
TEST average recall: 0.2075
TEST average f1: 0.17394555984531146
[Epoch 1]
Train loss: 2.16245174407959
0.35416666666666663
Test loss: 2.4830567836761475
TEST average_precision: 0.48738140748140746
TEST average recall: 0.4575
TEST average f1: 0.4273932680218184
[Epoch 2]
Train loss: 1.2591526508331299
0.6828703703703703
Test loss: 2.6171674728393555
TEST average_precision: 0.5433704924539191
TEST average recall: 0.4975
TEST average f1: 0.4671545696417819
[Epoch 3]
Train loss: 0.9892608523368835
0.6535087719298245
Test loss: 1.7750054597854614
TEST average_precision: 0.6196382081970317
TEST average recall: 0.525
TEST average f1: 0.5211856615240165
[Epoch 4]
Train loss: 0.966270387172699
0.6763888888888889
Test loss: 2.1193463802337646
TEST average_precision: 0.6587071474277356
TEST average recall: 0.6125
TEST average f1: 0.6007416541685084
[Epoch 5]
Train loss: 0.33965346217155457
0.9074074074074073
Test loss: 1.834495186805725
TEST average_precision: 0.6608655487025051
TEST average recall: 0.62
TEST average f1: 0.6099017983248484
[Epoch 6]
Train loss: 0.42606979608535767
0.8619047619047618
[Epoch 7]
Train loss: 0.22520193457603455
0.8796296296296297
Test loss: 1.4466310739517212
TEST average_precision: 0.6761734931734931
TEST average recall: 0.625
TEST average f1: 0.6256187043091068
[Epoch 8]
Train loss: 0.3259236514568329
0.904040404040404
Test loss: 1.291205644607544
TEST average_precision: 0.6931955544455544
TEST average recall: 0.65
TEST average f1: 0.6475139302151013
[Epoch 9]
Train loss: 0.07108715176582336
0.9878048780487805
[Epoch 10]
Train loss: 0.19195818901062012
0.9473684210526315
[Epoch 11]
Train loss: 0.09843593090772629
0.9639639639639639
[Epoch 12]
Train loss: 0.11774655431509018
0.9527027027027027
Test loss: 1.9226866960525513
TEST average_precision: 0.6798575036075036
TEST average recall: 0.6525
TEST average f1: 0.6359431268765634
[Epoch 13]
Train loss: 0.05949525907635689
0.990990990990991
[Epoch 14]
Train loss: 0.31188225746154785
0.9122807017543859
[Epoch 15]
Train loss: 0.13156455755233765
0.9661458333333333
[Epoch 16]
Train loss: 0.06453851610422134
0.9722222222222222
[Epoch 17]
Train loss: 0.04271910339593887
0.9914529914529914
Test loss: 2.5238513946533203
TEST average_precision: 0.700169164169164
TEST average recall: 0.675
TEST average f1: 0.6644488157181655
[Epoch 18]
Train loss: 0.14304359257221222
0.9722222222222222
[Epoch 19]
Train loss: 0.07647711783647537
0.9742857142857143
[Epoch 20]
Train loss: 0.009622381068766117
1.0
[Epoch 21]
Train loss: 0.048923466354608536
0.9864864864864865
[Epoch 22]
Train loss: 0.03570961207151413
0.9935897435897436
[Epoch 23]
Train loss: 0.013612933456897736
1.0
[Epoch 24]
Train loss: 0.10834809392690659
0.9625
[Epoch 25]
Train loss: 0.1746179610490799
0.9714912280701754
[Epoch 26]
Train loss: 0.06622707098722458
0.9666666666666667
[Epoch 27]
Train loss: 0.01630321331322193
1.0
Finished Training
training and val size: (1600, 80000) (400, 80000) (1600,)
[Epoch 0]
Train loss: 3.146310329437256
0.33783783783783783
Test loss: 2.9113054275512695
TEST average_precision: 0.22570334643921522
TEST average recall: 0.2
TEST average f1: 0.16017573350758008
[Epoch 1]
Train loss: 2.0719709396362305
0.3991228070175438
Test loss: 1.160140872001648
TEST average_precision: 0.4870415700570499
TEST average recall: 0.4575
TEST average f1: 0.42309785715361076
[Epoch 2]
Train loss: 1.3281641006469727
0.6252380952380953
Test loss: 1.1387174129486084
TEST average_precision: 0.51975851000851
TEST average recall: 0.5075
TEST average f1: 0.465799669034694
[Epoch 3]
Train loss: 0.9651913642883301
0.6388888888888888
Test loss: 0.5698705911636353
TEST average_precision: 0.6321572871572871
TEST average recall: 0.6075
TEST average f1: 0.5917810536930204
[Epoch 4]
Train loss: 1.165405511856079
0.6301801801801802
Test loss: 0.46332380175590515
TEST average_precision: 0.6708201798201797
TEST average recall: 0.6175
TEST average f1: 0.6064126217630054
[Epoch 5]
Train loss: 0.48918819427490234
0.8589743589743589
Test loss: 0.5648952722549438
TEST average_precision: 0.6525595809419339
TEST average recall: 0.62
TEST average f1: 0.6073188025940348
[Epoch 6]
Train loss: 0.28407976031303406
0.9234234234234233
[Epoch 7]
Train loss: 0.265043169260025
0.8999999999999999
[Epoch 8]
Train loss: 0.1695507913827896
0.9273504273504273
Test loss: 0.2780614197254181
TEST average_precision: 0.6690999555999555
TEST average recall: 0.655
TEST average f1: 0.6397809320022942
[Epoch 9]
Train loss: 0.15369157493114471
0.9342105263157895
[Epoch 10]
Train loss: 0.38106611371040344
0.9099099099099098
[Epoch 11]
Train loss: 0.13822118937969208
0.9649122807017543
[Epoch 12]
Train loss: 0.08993197977542877
0.9786324786324786
[Epoch 13]
Train loss: 0.029261203482747078
0.9875
[Epoch 14]
Train loss: 0.1783180683851242
0.9517543859649122
[Epoch 15]
Train loss: 0.17261306941509247
0.918918918918919
[Epoch 16]
Train loss: 0.05513446778059006
1.0
[Epoch 17]
Train loss: 0.06062491983175278
0.975
[Epoch 18]
Train loss: 0.07814527302980423
0.9868421052631579
Finished Training
training and val size: (1600, 80000) (400, 80000) (1600,)
[Epoch 0]
Train loss: 3.084873914718628
0.25213675213675213
Test loss: 3.4988651275634766
TEST average_precision: 0.20484460419754538
TEST average recall: 0.1825
TEST average f1: 0.13934686663549875
[Epoch 1]
Train loss: 1.981439232826233
0.40238095238095234
Test loss: 2.563025712966919
TEST average_precision: 0.5224266653872791
TEST average recall: 0.4425
TEST average f1: 0.41343218846372226
[Epoch 2]
Train loss: 1.0039887428283691
0.6520833333333333
Test loss: 2.281315565109253
TEST average_precision: 0.5112630216360867
TEST average recall: 0.52
TEST average f1: 0.4824175589116765
[Epoch 3]
Train loss: 0.9125971794128418
0.7200929152148665
Test loss: 1.853764533996582
TEST average_precision: 0.6169332334332335
TEST average recall: 0.5575
TEST average f1: 0.5407638380300246
[Epoch 4]
Train loss: 1.2498115301132202
0.6571428571428571
[Epoch 5]
Train loss: 0.5894860625267029
0.8166666666666667
Test loss: 2.324690818786621
TEST average_precision: 0.6415978860320964
TEST average recall: 0.6075
TEST average f1: 0.5891065137830518
[Epoch 6]
Train loss: 0.28377997875213623
0.9285714285714286
[Epoch 7]
Train loss: 0.18091674149036407
0.9764957264957264
[Epoch 8]
Train loss: 0.3450779616832733
0.8541666666666666
Test loss: 4.176340579986572
TEST average_precision: 0.65279676463887
TEST average recall: 0.64
TEST average f1: 0.6182357914989495
[Epoch 9]
Train loss: 0.21866531670093536
0.8947368421052632
[Epoch 10]
Train loss: 0.11575493216514587
0.9473684210526315
[Epoch 11]
Train loss: 0.10028630495071411
0.9736842105263158
[Epoch 12]
Train loss: 0.16956904530525208
0.9771929824561404
[Epoch 13]
Train loss: 0.06498660892248154
0.9871794871794872
[Epoch 14]
Train loss: 0.10334271192550659
0.9864864864864865
[Epoch 15]
Train loss: 0.23455999791622162
0.9473684210526315
[Epoch 16]
Train loss: 0.10130736231803894
0.9572072072072071
[Epoch 17]
Train loss: 0.1807549148797989
0.9444444444444444
Test loss: 3.585009813308716
TEST average_precision: 0.6659788283611813
TEST average recall: 0.6475
TEST average f1: 0.6384872272654881
[Epoch 18]
Train loss: 0.03551241010427475
1.0
[Epoch 19]
Train loss: 0.03500966355204582
1.0
[Epoch 20]
Train loss: 0.04977284371852875
0.9722222222222222
Test loss: 3.8808748722076416
TEST average_precision: 0.694519314019314
TEST average recall: 0.6625
TEST average f1: 0.6597109307213627
[Epoch 21]
Train loss: 0.0694400742650032
0.9743589743589743
[Epoch 22]
Train loss: 0.17090249061584473
0.9695121951219512
[Epoch 23]
Train loss: 0.09579042345285416
0.9671717171717171
[Epoch 24]
Train loss: 0.030350500717759132
1.0
[Epoch 25]
Train loss: 0.047806039452552795
0.972972972972973
[Epoch 26]
Train loss: 0.050455354154109955
0.9907407407407407
[Epoch 27]
Train loss: 0.04623633250594139
0.9864864864864865
[Epoch 28]
Train loss: 0.014456352218985558
1.0
[Epoch 29]
Train loss: 0.01313767395913601
1.0
Test loss: 2.422781229019165
TEST average_precision: 0.7040337995337995
TEST average recall: 0.6775
TEST average f1: 0.6703186838960832
[Epoch 30]
Train loss: 0.21326273679733276
0.9794117647058823
[Epoch 31]
Train loss: 0.07409914582967758
0.9527027027027027
[Epoch 32]
Train loss: 0.02270027995109558
1.0
[Epoch 33]
Train loss: 0.08124260604381561
0.9907407407407407
[Epoch 34]
Train loss: 0.08182089030742645
0.9791666666666666
[Epoch 35]
Train loss: 0.07709266245365143
0.9901960784313725
[Epoch 36]
Train loss: 0.0667148306965828
0.9736842105263158
[Epoch 37]
Train loss: 0.06764911115169525
0.9871794871794872
[Epoch 38]
Train loss: 0.007294363342225552
1.0
[Epoch 39]
Train loss: 0.044611211866140366
0.9959183673469388
Finished Training
training and val size: (1600, 80000) (400, 80000) (1600,)
[Epoch 0]
Train loss: 3.116344451904297
0.22357723577235772
Test loss: 3.687755584716797
TEST average_precision: 0.17834781256840926
TEST average recall: 0.165
TEST average f1: 0.12388272875523612
[Epoch 1]
Train loss: 1.8227657079696655
0.4398148148148148
Test loss: 2.686612606048584
TEST average_precision: 0.38338625852138064
TEST average recall: 0.3975
TEST average f1: 0.35275339394045074
[Epoch 2]
Train loss: 1.1414510011672974
0.722072072072072
Test loss: 2.1690385341644287
TEST average_precision: 0.5490629034707982
TEST average recall: 0.4975
TEST average f1: 0.4835916441659476
[Epoch 3]
Train loss: 1.0366747379302979
0.7268518518518517
Test loss: 2.727862596511841
TEST average_precision: 0.5396489474577709
TEST average recall: 0.53
TEST average f1: 0.5101890433268141
[Epoch 4]
Train loss: 1.1517413854599
0.704954954954955
Test loss: 2.5009875297546387
TEST average_precision: 0.565771364170745
TEST average recall: 0.5425
TEST average f1: 0.526091719746828
[Epoch 5]
Train loss: 0.5748785138130188
0.7928571428571428
Test loss: 2.255980968475342
TEST average_precision: 0.6014101176601175
TEST average recall: 0.5725
TEST average f1: 0.5572742707779053
[Epoch 6]
Train loss: 0.38514965772628784
0.8587719298245614
[Epoch 7]
Train loss: 0.1905391663312912
0.9529914529914529
[Epoch 8]
Train loss: 0.17912830412387848
0.9357142857142857
[Epoch 9]
Train loss: 0.14954663813114166
0.9145299145299145
Test loss: 2.98329758644104
TEST average_precision: 0.6604678932178932
TEST average recall: 0.585
TEST average f1: 0.5804488256841198
[Epoch 10]
Train loss: 0.1787525713443756
0.9166666666666665
Test loss: 2.389859437942505
TEST average_precision: 0.6482158397158397
TEST average recall: 0.61
TEST average f1: 0.6060516536977029
[Epoch 11]
Train loss: 0.12205963581800461
0.9476190476190476
[Epoch 12]
Train loss: 0.23841331899166107
0.8851351351351351
[Epoch 13]
Train loss: 0.03633444756269455
1.0
[Epoch 14]
Train loss: 0.036958955228328705
0.9945945945945945
[Epoch 15]
Train loss: 0.05301395058631897
0.9864864864864865
[Epoch 16]
Train loss: 0.140586256980896
0.9720720720720721
[Epoch 17]
Train loss: 0.07934136688709259
0.9607843137254901
[Epoch 18]
Train loss: 0.05480288341641426
0.9907407407407407
Test loss: 4.391993045806885
TEST average_precision: 0.6426796259296259
TEST average recall: 0.615
TEST average f1: 0.6011703045125165
[Epoch 19]
Train loss: 0.13247396051883698
0.9745370370370369
[Epoch 20]
Train loss: 0.1116812527179718
0.9242424242424242
[Epoch 21]
Train loss: 0.15412569046020508
0.9675925925925927
Test loss: 3.9208972454071045
TEST average_precision: 0.6541740043582149
TEST average recall: 0.6225
TEST average f1: 0.6085715356593672
[Epoch 22]
Train loss: 0.23696982860565186
0.9210526315789473
[Epoch 23]
Train loss: 0.11391720175743103
0.969298245614035
[Epoch 24]
Train loss: 0.07245958596467972
0.9736842105263158
[Epoch 25]
Train loss: 0.022518722340464592
1.0
[Epoch 26]
Train loss: 0.053088314831256866
0.9861111111111112
[Epoch 27]
Train loss: 0.07438594847917557
0.9926470588235294
Test loss: 3.533874988555908
TEST average_precision: 0.6688525592055004
TEST average recall: 0.6475
TEST average f1: 0.6330803525276267
[Epoch 28]
Train loss: 0.0374581515789032
0.9459459459459459
[Epoch 29]
Train loss: 0.06051793321967125
0.9864864864864865
[Epoch 30]
Train loss: 0.07028172165155411
0.9942857142857142
Test loss: 4.018092155456543
TEST average_precision: 0.6945972915972916
TEST average recall: 0.655
TEST average f1: 0.6526834805911398
[Epoch 31]
Train loss: 0.04387418180704117
0.972972972972973
[Epoch 32]
Train loss: 0.0017393094021826982
1.0
[Epoch 33]
Train loss: 0.027231678366661072
0.9714285714285714
[Epoch 34]
Train loss: 0.023039566352963448
1.0
[Epoch 35]
Train loss: 0.03617088869214058
0.9722222222222222
[Epoch 36]
Train loss: 0.028450561687350273
1.0
[Epoch 37]
Train loss: 0.04396183788776398
0.991869918699187
[Epoch 38]
Train loss: 0.01013507042080164
1.0
Test loss: 3.98374080657959
TEST average_precision: 0.696782175340999
TEST average recall: 0.6575
TEST average f1: 0.6470611417792062
[Epoch 39]
Train loss: 0.16129061579704285
0.9797297297297297
[Epoch 40]
Train loss: 0.048272714018821716
0.9861111111111112
[Epoch 41]
Train loss: 0.008462863974273205
1.0
[Epoch 42]
Train loss: 0.05545397475361824
0.990990990990991
[Epoch 43]
Train loss: 0.10145781189203262
0.972972972972973
[Epoch 44]
Train loss: 0.010419622994959354
1.0
[Epoch 45]
Train loss: 0.002782474970445037
1.0
[Epoch 46]
Train loss: 0.037055909633636475
0.975
[Epoch 47]
Train loss: 0.16647718846797943
0.9605263157894737
[Epoch 48]
Train loss: 0.30588221549987793
0.8933333333333333
Finished Training
training and val size: (1600, 80000) (400, 80000) (1600,)
[Epoch 0]
Train loss: 3.384660482406616
0.10526315789473684
Test loss: 3.7423276901245117
TEST average_precision: 0.061733862858161175
TEST average recall: 0.0925
TEST average f1: 0.054388265253897256
[Epoch 1]
Train loss: 2.6053192615509033
0.31666666666666665
Test loss: 2.6437056064605713
TEST average_precision: 0.32748677600050596
TEST average recall: 0.29
TEST average f1: 0.2611318737761254
[Epoch 2]
Train loss: 2.0309720039367676
0.5157657657657657
Test loss: 1.8337409496307373
TEST average_precision: 0.42210595561988756
TEST average recall: 0.3625
TEST average f1: 0.34670726345988157
[Epoch 3]
Train loss: 1.8712655305862427
0.6025641025641024
[Epoch 4]
Train loss: 1.4461710453033447
0.49509803921568624
Test loss: 2.3298532962799072
TEST average_precision: 0.4634430827170765
TEST average recall: 0.4125
TEST average f1: 0.3942781629083688
[Epoch 5]
Train loss: 0.7830978631973267
0.7612612612612613
[Epoch 6]
Train loss: 0.8401747941970825
0.7708333333333334
Test loss: 1.7360849380493164
TEST average_precision: 0.49808492928260373
TEST average recall: 0.445
TEST average f1: 0.433233911255583
[Epoch 7]
Train loss: 0.5633938312530518
0.8138095238095239
[Epoch 8]
Train loss: 0.7735768556594849
0.8055555555555556
[Epoch 9]
Train loss: 0.4910013675689697
0.8290598290598289
[Epoch 10]
Train loss: 0.45898836851119995
0.8823529411764706
[Epoch 11]
Train loss: 0.2122161090373993
0.9649122807017545
Test loss: 1.2528870105743408
TEST average_precision: 0.4960850689520766
TEST average recall: 0.45
TEST average f1: 0.45115573539945864
[Epoch 12]
Train loss: 0.43374037742614746
0.8120370370370371
[Epoch 13]
Train loss: 0.1877632737159729
0.9342105263157895
[Epoch 14]
Train loss: 0.20388726890087128
0.9487179487179487
[Epoch 15]
Train loss: 0.17461594939231873
0.9523809523809522
Test loss: 2.3629510402679443
TEST average_precision: 0.5010003330003329
TEST average recall: 0.455
TEST average f1: 0.4509528814838412
[Epoch 16]
Train loss: 0.24013330042362213
0.9273504273504273
Test loss: 1.7990820407867432
TEST average_precision: 0.4757286488021782
TEST average recall: 0.46
TEST average f1: 0.45020719203471926
[Epoch 17]
Train loss: 0.3620121479034424
0.9188034188034186
[Epoch 18]
Train loss: 0.15908601880073547
0.9240196078431372
Test loss: 2.480356454849243
TEST average_precision: 0.508347791097791
TEST average recall: 0.47
TEST average f1: 0.46563538930371606
[Epoch 19]
Train loss: 0.13538166880607605
0.9649122807017543
Test loss: 2.3631997108459473
TEST average_precision: 0.49638277735336556
TEST average recall: 0.475
TEST average f1: 0.4666737438105185
[Epoch 20]
Train loss: 0.15490299463272095
0.9649122807017543
[Epoch 21]
Train loss: 0.03892018646001816
0.9935897435897436
[Epoch 22]
Train loss: 0.09286598861217499
0.9907407407407407
[Epoch 23]
Train loss: 0.03928638622164726
0.9901960784313725
[Epoch 24]
Train loss: 0.13312792778015137
0.9756410256410256
[Epoch 25]
Train loss: 0.1459696739912033
0.98125
[Epoch 26]
Train loss: 0.08375804871320724
0.9892473118279569
[Epoch 27]
Train loss: 0.0945780798792839
0.9797979797979797
[Epoch 28]
Train loss: 0.10883323103189468
0.9761904761904762
[Epoch 29]
Train loss: 0.03017316944897175
1.0
Finished Training
training and val size: (1600, 80000) (400, 80000) (1600,)
[Epoch 0]
Train loss: 3.380574941635132
0.18055555555555555
Test loss: 3.91709303855896
TEST average_precision: 0.06910404482559214
TEST average recall: 0.075
TEST average f1: 0.04865018850093181
[Epoch 1]
Train loss: 2.7531142234802246
0.1875
Test loss: 2.905487298965454
TEST average_precision: 0.2496088093193356
TEST average recall: 0.27
TEST average f1: 0.22352467846124696
[Epoch 2]
Train loss: 2.236006259918213
0.3726851851851852
Test loss: 3.0281529426574707
TEST average_precision: 0.3888329464652994
TEST average recall: 0.3525
TEST average f1: 0.326999684307958
[Epoch 3]
Train loss: 1.6633238792419434
0.47368421052631576
Test loss: 2.487882614135742
TEST average_precision: 0.42307919419761525
TEST average recall: 0.42
TEST average f1: 0.38574220595266495
[Epoch 4]
Train loss: 1.3347325325012207
0.5574074074074074
[Epoch 5]
Train loss: 0.982401430606842
0.7199074074074073
[Epoch 6]
Train loss: 0.9691653251647949
0.6728571428571429
Test loss: 3.047112464904785
TEST average_precision: 0.4554808191808192
TEST average recall: 0.4375
TEST average f1: 0.42314759777695576
[Epoch 7]
Train loss: 0.6277936697006226
0.8657407407407408
[Epoch 8]
Train loss: 0.7738158106803894
0.7727272727272727
[Epoch 9]
Train loss: 0.360852986574173
0.926829268292683
Test loss: 2.804638147354126
TEST average_precision: 0.4449361961567845
TEST average recall: 0.445
TEST average f1: 0.4230551327585384
[Epoch 10]
Train loss: 0.5857971906661987
0.8245614035087719
[Epoch 11]
Train loss: 0.21817509829998016
0.9234234234234233
[Epoch 12]
Train loss: 0.3551486134529114
0.9031531531531531
[Epoch 13]
Train loss: 0.2854691445827484
0.8693693693693695
[Epoch 14]
Train loss: 0.39573219418525696
0.8903508771929823
[Epoch 15]
Train loss: 0.33281606435775757
0.8958333333333333
[Epoch 16]
Train loss: 0.2649978995323181
0.9166666666666666
[Epoch 17]
Train loss: 0.09138821065425873
0.9743589743589743
[Epoch 18]
Train loss: 0.22701525688171387
0.9027777777777778
[Epoch 19]
Train loss: 0.10755376517772675
0.9799999999999999
Finished Training
training and val size: (1600, 80000) (400, 80000) (1600,)
[Epoch 0]
Train loss: 3.379142999649048
0.13063063063063063
Test loss: 3.5191192626953125
TEST average_precision: 0.10038964635769909
TEST average recall: 0.135
TEST average f1: 0.09350552797921217
[Epoch 1]
Train loss: 2.6425487995147705
0.293859649122807
Test loss: 2.2331292629241943
TEST average_precision: 0.19376029199558611
TEST average recall: 0.255
TEST average f1: 0.19149872612311378
[Epoch 2]
Train loss: 1.9032262563705444
0.43
Test loss: 2.5830700397491455
TEST average_precision: 0.36582895074274385
TEST average recall: 0.3775
TEST average f1: 0.3385189661465742
[Epoch 3]
Train loss: 1.6251457929611206
0.4914529914529915
Test loss: 1.5451960563659668
TEST average_precision: 0.3789591617532793
TEST average recall: 0.4
TEST average f1: 0.3610090115803939
[Epoch 4]
Train loss: 1.318502426147461
0.5513513513513514
Test loss: 1.7790322303771973
TEST average_precision: 0.408648665196148
TEST average recall: 0.4175
TEST average f1: 0.376915944232385
[Epoch 5]
Train loss: 1.1093860864639282
0.6196581196581196
[Epoch 6]
Train loss: 0.894701361656189
0.7207207207207207
Test loss: 1.9085819721221924
TEST average_precision: 0.44901160277630864
TEST average recall: 0.445
TEST average f1: 0.4081550202190962
[Epoch 7]
Train loss: 0.5759070515632629
0.8243243243243243
[Epoch 8]
Train loss: 0.5532287359237671
0.8910256410256411
[Epoch 9]
Train loss: 0.5472095608711243
0.8201754385964911
[Epoch 10]
Train loss: 0.8513625860214233
0.7364864864864865
Test loss: 2.8310768604278564
TEST average_precision: 0.4906165382688153
TEST average recall: 0.46
TEST average f1: 0.4365673504342235
[Epoch 11]
Train loss: 0.24048177897930145
0.9035087719298245
[Epoch 12]
Train loss: 0.298509806394577
0.9230769230769231
Test loss: 2.047631025314331
TEST average_precision: 0.47592642814701636
TEST average recall: 0.4625
TEST average f1: 0.44314995614606595
[Epoch 13]
Train loss: 0.15560650825500488
0.9125
Test loss: 2.4355568885803223
TEST average_precision: 0.48953227001756416
TEST average recall: 0.47
TEST average f1: 0.44879315991885654
[Epoch 14]
Train loss: 0.16134919226169586
0.9605263157894737
[Epoch 15]
Train loss: 0.2534608244895935
0.9234234234234233
[Epoch 16]
Train loss: 0.3963301181793213
0.875
[Epoch 17]
Train loss: 0.13159772753715515
0.9833333333333334
[Epoch 18]
Train loss: 0.19334527850151062
0.8903508771929826
[Epoch 19]
Train loss: 0.2768308222293854
0.905128205128205
[Epoch 20]
Train loss: 0.12075285613536835
0.9780701754385964
[Epoch 21]
Train loss: 0.23177415132522583
0.9333333333333332
[Epoch 22]
Train loss: 0.0684308409690857
0.9886363636363636
Test loss: 2.5575027465820312
TEST average_precision: 0.5460407107512371
TEST average recall: 0.495
TEST average f1: 0.4864183778611023
[Epoch 23]
Train loss: 0.04829695075750351
0.9907407407407407
[Epoch 24]
Train loss: 0.05595916509628296
0.99375
[Epoch 25]
Train loss: 0.045578137040138245
0.9736842105263158
[Epoch 26]
Train loss: 0.03426817059516907
1.0
[Epoch 27]
Train loss: 0.027476560324430466
1.0
[Epoch 28]
Train loss: 0.1598924696445465
0.9264705882352942
[Epoch 29]
Train loss: 0.050914742052555084
1.0
[Epoch 30]
Train loss: 0.10591814666986465
0.9823529411764705
[Epoch 31]
Train loss: 0.07278916239738464
0.972972972972973
[Epoch 32]
Train loss: 0.1313580721616745
0.9358974358974359
Finished Training
training and val size: (1600, 80000) (400, 80000) (1600,)
[Epoch 0]
Train loss: 3.3814542293548584
0.1623931623931624
Test loss: 3.5841050148010254
TEST average_precision: 0.07744205902450582
TEST average recall: 0.095
TEST average f1: 0.06875143576097986
[Epoch 1]
Train loss: 2.792485475540161
0.20476190476190476
Test loss: 2.6416618824005127
TEST average_precision: 0.31150024098708307
TEST average recall: 0.2875
TEST average f1: 0.25200270352282733
[Epoch 2]
Train loss: 1.8128163814544678
0.4166666666666667
Test loss: 2.576535701751709
TEST average_precision: 0.37729952850154086
TEST average recall: 0.3575
TEST average f1: 0.33408367693537977
[Epoch 3]
Train loss: 1.6013671159744263
0.4814169570267131
Test loss: 1.7157177925109863
TEST average_precision: 0.4139902319902319
TEST average recall: 0.3975
TEST average f1: 0.37341839913312613
[Epoch 4]
Train loss: 1.5036641359329224
0.4738095238095238
Test loss: 1.8896212577819824
TEST average_precision: 0.4385895068983304
TEST average recall: 0.415
TEST average f1: 0.3976103850756562
[Epoch 5]
Train loss: 0.9198306202888489
0.6738095238095237
Test loss: 1.4687939882278442
TEST average_precision: 0.4501190315532421
TEST average recall: 0.4275
TEST average f1: 0.41619436603839993
[Epoch 6]
Train loss: 0.7653741240501404
0.7595238095238095
[Epoch 7]
Train loss: 0.5581367015838623
0.8696581196581198
[Epoch 8]
Train loss: 0.5497068762779236
0.9064814814814814
[Epoch 9]
Train loss: 0.37999075651168823
0.8903508771929823
Test loss: 2.811121702194214
TEST average_precision: 0.4546785926491808
TEST average recall: 0.45
TEST average f1: 0.4295873031875319
[Epoch 10]
Train loss: 0.25287625193595886
0.9254385964912281
[Epoch 11]
Train loss: 0.3622218668460846
0.8991228070175438
[Epoch 12]
Train loss: 0.3693191707134247
0.9013157894736842
[Epoch 13]
Train loss: 0.14187736809253693
0.9615384615384616
Test loss: 2.5455760955810547
TEST average_precision: 0.5319873035461271
TEST average recall: 0.4675
TEST average f1: 0.46858598244309646
[Epoch 14]
Train loss: 0.3028712868690491
0.8716216216216216
[Epoch 15]
Train loss: 0.2490810751914978
0.8289473684210527
[Epoch 16]
Train loss: 0.1802346259355545
0.9369369369369369
Test loss: 3.9170193672180176
TEST average_precision: 0.5010011100011099
TEST average recall: 0.47
TEST average f1: 0.45800458811913924
[Epoch 17]
Train loss: 0.18977022171020508
0.9393939393939394
[Epoch 18]
Train loss: 0.2330613136291504
0.8952380952380953
Test loss: 3.9431939125061035
TEST average_precision: 0.5043547505126452
TEST average recall: 0.4775
TEST average f1: 0.46106058315843823
[Epoch 19]
Train loss: 0.14939256012439728
0.9369369369369369
Test loss: 3.4031426906585693
TEST average_precision: 0.5151361749361749
TEST average recall: 0.4825
TEST average f1: 0.47173187596717014
[Epoch 20]
Train loss: 0.12184998393058777
0.9629629629629629
[Epoch 21]
Train loss: 0.07212937623262405
0.9871794871794872
[Epoch 22]
Train loss: 0.22142812609672546
0.9329268292682927
[Epoch 23]
Train loss: 0.04449727386236191
1.0
[Epoch 24]
Train loss: 0.10610083490610123
0.9666666666666666
[Epoch 25]
Train loss: 0.2500111758708954
0.9099099099099098
[Epoch 26]
Train loss: 0.13706345856189728
0.949074074074074
[Epoch 27]
Train loss: 0.061387114226818085
0.972972972972973
[Epoch 28]
Train loss: 0.10567937046289444
0.9671052631578947
[Epoch 29]
Train loss: 0.07154306024312973
0.9861111111111112
Finished Training
training and val size: (1600, 80000) (400, 80000) (1600,)
[Epoch 0]
Train loss: 3.3284926414489746
0.17479674796747965
Test loss: 3.9535484313964844
TEST average_precision: 0.15815892114421526
TEST average recall: 0.1375
TEST average f1: 0.10546720347609641
[Epoch 1]
Train loss: 2.655763864517212
0.27314814814814814
Test loss: 3.2073166370391846
TEST average_precision: 0.3071301916178077
TEST average recall: 0.3125
TEST average f1: 0.27901100012209457
[Epoch 2]
Train loss: 1.8255789279937744
0.4108108108108108
[Epoch 3]
Train loss: 1.611567497253418
0.5046296296296297
[Epoch 4]
Train loss: 1.4966942071914673
0.518018018018018
Test loss: 2.9468393325805664
TEST average_precision: 0.3785867204690734
TEST average recall: 0.36
TEST average f1: 0.34004037818333044
[Epoch 5]
Train loss: 0.8788677453994751
0.7071428571428572
Test loss: 3.069016933441162
TEST average_precision: 0.45508972345045784
TEST average recall: 0.4225
TEST average f1: 0.41255118917471856
[Epoch 6]
Train loss: 1.0310758352279663
0.6947368421052631
Test loss: 3.3627326488494873
TEST average_precision: 0.4512662125456243
TEST average recall: 0.4375
TEST average f1: 0.42022744994943134
[Epoch 7]
Train loss: 0.3618319630622864
0.8782051282051282
[Epoch 8]
Train loss: 0.350286066532135
0.8452380952380952
[Epoch 9]
Train loss: 0.2968980669975281
0.8965811965811966
[Epoch 10]
Train loss: 0.26770153641700745
0.8903508771929823
[Epoch 11]
Train loss: 0.29739663004875183
0.8904761904761904
[Epoch 12]
Train loss: 0.3428458273410797
0.8716216216216216
Test loss: 3.8449103832244873
TEST average_precision: 0.4873157856636117
TEST average recall: 0.445
TEST average f1: 0.4185871146744489
[Epoch 13]
Train loss: 0.16803479194641113
0.9517543859649122
[Epoch 14]
Train loss: 0.12419623136520386
0.981081081081081
[Epoch 15]
Train loss: 0.33661702275276184
0.8445945945945946
[Epoch 16]
Train loss: 0.20253793895244598
0.9436936936936936
[Epoch 17]
Train loss: 0.2660924792289734
0.9019607843137254
[Epoch 18]
Train loss: 0.17063842713832855
0.9259259259259258
[Epoch 19]
Train loss: 0.08444768935441971
0.9907407407407407
[Epoch 20]
Train loss: 0.1320236474275589
0.9444444444444444
[Epoch 21]
Train loss: 0.13676409423351288
0.9675925925925924
[Epoch 22]
Train loss: 0.0791981890797615
0.9473684210526315
Finished Training
training and val size: (1600, 80000) (400, 80000) (1600,)
[Epoch 0]
Train loss: 2.708838701248169
0.39035087719298245
Test loss: 1.7151081562042236
TEST average_precision: 0.5100714465549706
TEST average recall: 0.505
TEST average f1: 0.46322247435527353
[Epoch 1]
Train loss: 1.0015361309051514
0.7149122807017543
Test loss: 0.6565214991569519
TEST average_precision: 0.799811657211038
TEST average recall: 0.75
TEST average f1: 0.7418816823197522
[Epoch 2]
Train loss: 0.42084968090057373
0.894144144144144
Test loss: 0.6028808355331421
TEST average_precision: 0.789576923076923
TEST average recall: 0.7625
TEST average f1: 0.7563221318099497
[Epoch 3]
Train loss: 0.5428529381752014
0.8739316239316238
Test loss: 0.472500741481781
TEST average_precision: 0.8443929141034404
TEST average recall: 0.8125
TEST average f1: 0.8060469534478822
[Epoch 4]
Train loss: 0.20652616024017334
0.9681372549019607
Test loss: 0.405860036611557
TEST average_precision: 0.837511877011877
TEST average recall: 0.815
TEST average f1: 0.8087674211267561
[Epoch 5]
Train loss: 0.07462717592716217
0.9864864864864865
Test loss: 0.6600684523582458
TEST average_precision: 0.8738433788433788
TEST average recall: 0.8575
TEST average f1: 0.8544806170781402
[Epoch 6]
Train loss: 0.20074531435966492
0.9675925925925927
[Epoch 7]
Train loss: 0.09747956693172455
0.9657142857142856
[Epoch 8]
Train loss: 0.0652218759059906
0.9861111111111112
[Epoch 9]
Train loss: 0.08517974615097046
0.9743589743589743
[Epoch 10]
Train loss: 0.03362970054149628
0.9705882352941176
Test loss: 0.9532986283302307
TEST average_precision: 0.8772737817737817
TEST average recall: 0.86
TEST average f1: 0.8542687929545514
[Epoch 11]
Train loss: 0.13070456683635712
0.9539473684210527
[Epoch 12]
Train loss: 0.006185511127114296
1.0
[Epoch 13]
Train loss: 0.02226901240646839
1.0
[Epoch 14]
Train loss: 0.08273235708475113
0.9658119658119657
[Epoch 15]
Train loss: 0.1072462722659111
0.9952380952380953
[Epoch 16]
Train loss: 0.005011723842471838
1.0
[Epoch 17]
Train loss: 0.03959669545292854
0.9871794871794872
[Epoch 18]
Train loss: 0.01975315809249878
1.0
[Epoch 19]
Train loss: 0.006093514617532492
1.0
[Epoch 20]
Train loss: 0.0388108491897583
0.9912280701754386
Finished Training
training and val size: (1600, 80000) (400, 80000) (1600,)
[Epoch 0]
Train loss: 2.5177268981933594
0.4444444444444444
Test loss: 2.222965717315674
TEST average_precision: 0.5463634435739698
TEST average recall: 0.52
TEST average f1: 0.48395125133986205
[Epoch 1]
Train loss: 0.9059421420097351
0.7166666666666666
Test loss: 1.1083624362945557
TEST average_precision: 0.829166787460905
TEST average recall: 0.785
TEST average f1: 0.7763900383734267
[Epoch 2]
Train loss: 0.6658861637115479
0.8032407407407407
Test loss: 0.6898084878921509
TEST average_precision: 0.8254930069930072
TEST average recall: 0.7925
TEST average f1: 0.7890655420543021
[Epoch 3]
Train loss: 0.38780465722084045
0.8333333333333334
Test loss: 0.5791112184524536
TEST average_precision: 0.8660991785991786
TEST average recall: 0.845
TEST average f1: 0.8413456115607818
[Epoch 4]
Train loss: 0.44645318388938904
0.875
[Epoch 5]
Train loss: 0.07988863438367844
0.9722222222222222
[Epoch 6]
Train loss: 0.04906757175922394
0.9928571428571429
[Epoch 7]
Train loss: 0.1513952612876892
0.9768518518518517
Test loss: 0.3214273452758789
TEST average_precision: 0.8772248046071576
TEST average recall: 0.85
TEST average f1: 0.8524864079504946
[Epoch 8]
Train loss: 0.04109545797109604
0.9898989898989898
Test loss: 0.09870918840169907
TEST average_precision: 0.8660497835497836
TEST average recall: 0.8525
TEST average f1: 0.8489249878088886
[Epoch 9]
Train loss: 0.030157500877976418
1.0
[Epoch 10]
Train loss: 0.07364819943904877
0.9473684210526315
[Epoch 11]
Train loss: 0.025046678259968758
1.0
[Epoch 12]
Train loss: 0.006561527494341135
1.0
[Epoch 13]
Train loss: 0.03716829791665077
0.972972972972973
[Epoch 14]
Train loss: 0.005579960998147726
1.0
[Epoch 15]
Train loss: 0.06635984033346176
0.9791666666666667
[Epoch 16]
Train loss: 0.11119633913040161
0.9861111111111112
[Epoch 17]
Train loss: 0.17335081100463867
0.9615384615384616
[Epoch 18]
Train loss: 0.03857041522860527
1.0
Finished Training
training and val size: (1600, 80000) (400, 80000) (1600,)
[Epoch 0]
Train loss: 2.4657955169677734
0.45720720720720714
Test loss: 1.4016684293746948
TEST average_precision: 0.5713510768557208
TEST average recall: 0.5575
TEST average f1: 0.5222582166902114
[Epoch 1]
Train loss: 0.9848685264587402
0.6951754385964912
Test loss: 0.5828017592430115
TEST average_precision: 0.7638926645250175
TEST average recall: 0.745
TEST average f1: 0.7348873197322113
[Epoch 2]
Train loss: 0.4276393949985504
0.8595238095238095
Test loss: 0.6597007513046265
TEST average_precision: 0.8327049062049062
TEST average recall: 0.8075
TEST average f1: 0.80284589408139
[Epoch 3]
Train loss: 0.2743321657180786
0.9230769230769231
Test loss: 0.9355067610740662
TEST average_precision: 0.8283780663780663
TEST average recall: 0.815
TEST average f1: 0.8085236449137376
[Epoch 4]
Train loss: 0.2826589047908783
0.8945945945945944
Test loss: 0.166812464594841
TEST average_precision: 0.843106782106782
TEST average recall: 0.8375
TEST average f1: 0.8301443843394307
[Epoch 5]
Train loss: 0.078399658203125
0.9935897435897436
[Epoch 6]
Train loss: 0.15935161709785461
0.9774774774774774
[Epoch 7]
Train loss: 0.05647607520222664
0.9797297297297297
Test loss: 0.21474266052246094
TEST average_precision: 0.8573262293262292
TEST average recall: 0.8425
TEST average f1: 0.8378987211618788
[Epoch 8]
Train loss: 0.07123983651399612
0.9487179487179487
[Epoch 9]
Train loss: 0.01708240993320942
1.0
Test loss: 0.22964784502983093
TEST average_precision: 0.858844155844156
TEST average recall: 0.8475
TEST average f1: 0.8439830987725725
[Epoch 10]
Train loss: 0.07897532731294632
0.9527027027027027
Test loss: 0.4211929142475128
TEST average_precision: 0.8821111111111111
TEST average recall: 0.8725
TEST average f1: 0.8701486559536095
[Epoch 11]
Train loss: 0.09614527970552444
0.9846491228070174
[Epoch 12]
Train loss: 0.07791877537965775
0.9572649572649572
[Epoch 13]
Train loss: 0.005324400961399078
1.0
[Epoch 14]
Train loss: 0.009280739352107048
1.0
[Epoch 15]
Train loss: 0.0474165715277195
0.9864864864864865
[Epoch 16]
Train loss: 0.020814692601561546
1.0
[Epoch 17]
Train loss: 0.057915158569812775
0.9791666666666666
[Epoch 18]
Train loss: 0.009820550680160522
1.0
[Epoch 19]
Train loss: 0.008617158979177475
1.0
[Epoch 20]
Train loss: 0.053523167967796326
0.9868421052631579
Finished Training
training and val size: (1600, 80000) (400, 80000) (1600,)
[Epoch 0]
Train loss: 2.275164842605591
0.5491452991452991
Test loss: 2.2961530685424805
TEST average_precision: 0.5678790196290197
TEST average recall: 0.545
TEST average f1: 0.5065933210983689
[Epoch 1]
Train loss: 1.0450997352600098
0.638095238095238
Test loss: 1.6516557931900024
TEST average_precision: 0.7809765234765235
TEST average recall: 0.735
TEST average f1: 0.7141196692062217
[Epoch 2]
Train loss: 0.3621436357498169
0.8625
Test loss: 0.6309713125228882
TEST average_precision: 0.8566934731934732
TEST average recall: 0.8325
TEST average f1: 0.8312636666738834
[Epoch 3]
Train loss: 0.24747464060783386
0.8745644599303137
Test loss: 0.7189047336578369
TEST average_precision: 0.885573593073593
TEST average recall: 0.8675
TEST average f1: 0.8644655329190933
[Epoch 4]
Train loss: 0.37126103043556213
0.8714285714285714
Test loss: 0.826369047164917
TEST average_precision: 0.8808650793650793
TEST average recall: 0.87
TEST average f1: 0.867268924573878
[Epoch 5]
Train loss: 0.0896737203001976
0.9642857142857143
Test loss: 0.2498948872089386
TEST average_precision: 0.8912720057720057
TEST average recall: 0.8775
TEST average f1: 0.8774687185879136
[Epoch 6]
Train loss: 0.05444243550300598
0.9714285714285714
[Epoch 7]
Train loss: 0.08816096186637878
0.9786324786324786
[Epoch 8]
Train loss: 0.05577027052640915
0.9944444444444444
[Epoch 9]
Train loss: 0.04784455522894859
0.9736842105263158
[Epoch 10]
Train loss: 0.03930360823869705
0.9736842105263158
Test loss: 0.38821858167648315
TEST average_precision: 0.9031229881229882
TEST average recall: 0.89
TEST average f1: 0.886175745479151
[Epoch 11]
Train loss: 0.024502085521817207
0.9868421052631579
[Epoch 12]
Train loss: 0.006304318085312843
1.0
[Epoch 13]
Train loss: 0.016265586018562317
1.0
[Epoch 14]
Train loss: 0.007364115212112665
1.0
[Epoch 15]
Train loss: 0.1303987056016922
0.9780701754385964
[Epoch 16]
Train loss: 0.05758543312549591
0.9774774774774774
Test loss: 0.5628334283828735
TEST average_precision: 0.9125772005772006
TEST average recall: 0.9025
TEST average f1: 0.9017888839746425
[Epoch 17]
Train loss: 0.011127372272312641
1.0
[Epoch 18]
Train loss: 0.010906649753451347
1.0
[Epoch 19]
Train loss: 0.010433672927320004
1.0
[Epoch 20]
Train loss: 0.06390086561441422
0.9768518518518517
[Epoch 21]
Train loss: 0.021699147298932076
0.9871794871794872
[Epoch 22]
Train loss: 0.0012796251103281975
1.0
[Epoch 23]
Train loss: 0.07572770863771439
0.9772727272727273
[Epoch 24]
Train loss: 0.040346063673496246
0.9714285714285714
[Epoch 25]
Train loss: 0.21361660957336426
0.9639639639639639
[Epoch 26]
Train loss: 0.028890931978821754
0.9722222222222222
Finished Training
training and val size: (1600, 80000) (400, 80000) (1600,)
[Epoch 0]
Train loss: 2.14558482170105
0.524390243902439
Test loss: 2.84036922454834
TEST average_precision: 0.521565339631129
TEST average recall: 0.5125
TEST average f1: 0.46467882907100366
[Epoch 1]
Train loss: 0.9724500775337219
0.7083333333333334
Test loss: 1.2274315357208252
TEST average_precision: 0.6872311577311576
TEST average recall: 0.67
TEST average f1: 0.6407487789203362
[Epoch 2]
Train loss: 0.481575608253479
0.8698198198198199
Test loss: 1.376356601715088
TEST average_precision: 0.7559114433897716
TEST average recall: 0.725
TEST average f1: 0.7134321125841248
[Epoch 3]
Train loss: 0.5504950284957886
0.8287037037037037
Test loss: 1.731398582458496
TEST average_precision: 0.7787929292929293
TEST average recall: 0.7625
TEST average f1: 0.7498208428250828
[Epoch 4]
Train loss: 0.40705233812332153
0.8558558558558558
Test loss: 0.9326171875
TEST average_precision: 0.8007254412254412
TEST average recall: 0.7825
TEST average f1: 0.7720855127358693
[Epoch 5]
Train loss: 0.1354505568742752
0.9547619047619047
Test loss: 1.5017542839050293
TEST average_precision: 0.8266637806637805
TEST average recall: 0.8
TEST average f1: 0.7955624286274441
[Epoch 6]
Train loss: 0.1399165838956833
0.9649122807017543
[Epoch 7]
Train loss: 0.050235357135534286
0.9914529914529914
[Epoch 8]
Train loss: 0.08199996501207352
0.9761904761904762
[Epoch 9]
Train loss: 0.08416824787855148
0.9487179487179487
[Epoch 10]
Train loss: 0.09534308314323425
0.9385964912280701
[Epoch 11]
Train loss: 0.05998387560248375
0.9761904761904762
[Epoch 12]
Train loss: 0.11786922067403793
0.9662162162162162
[Epoch 13]
Train loss: 0.04456457123160362
0.9912280701754386
[Epoch 14]
Train loss: 0.01587148755788803
1.0
Test loss: 1.3437273502349854
TEST average_precision: 0.8366075036075036
TEST average recall: 0.815
TEST average f1: 0.8128679135136261
[Epoch 15]
Train loss: 0.03558618575334549
1.0
[Epoch 16]
Train loss: 0.022358141839504242
1.0
[Epoch 17]
Train loss: 0.025626467540860176
1.0
[Epoch 18]
Train loss: 0.0009292131871916354
1.0
[Epoch 19]
Train loss: 0.013900678604841232
1.0
[Epoch 20]
Train loss: 0.050400007516145706
0.9545454545454546
[Epoch 21]
Train loss: 0.05351408198475838
0.9722222222222222
[Epoch 22]
Train loss: 0.004428713582456112
1.0
[Epoch 23]
Train loss: 0.03475194051861763
0.9868421052631579
[Epoch 24]
Train loss: 0.0037965993396937847
1.0
Finished Training
avg acc, f1: nan nan
